Seed set to 42
рҹ’Ў Tip: For seamless cloud uploads and versioning, try installing [litmodels](https://pypi.org/project/litmodels/) to enable LitModelCheckpoint, which syncs automatically with the Lightning model registry.
GPU available: True (mps), used: True
TPU available: False, using: 0 TPU cores
/Users/mary/Library/Python/3.9/lib/python/site-packages/lightning/pytorch/trainer/connectors/logger_connector/logger_connector.py: UserWarning: Starting from v1.9.0, `tensorboardX` has been removed as a dependency of the `lightning.pytorch` package, due to potential conflicts with other packages in the ML ecosystem. For this reason, `logger=True` will use `CSVLogger` as the default logger, unless the `tensorboard` or `tensorboardX` packages are found. Please `pip install lightning[extra]` or one of them to enable TensorBoard support by default
/Users/mary/Library/Python/3.9/lib/python/site-packages/lightning/pytorch/trainer/configuration_validator.py: PossibleUserWarning: You defined a `validation_step` but have no `val_dataloader`. Skipping val loop.
/Users/mary/Library/Python/3.9/lib/python/site-packages/pina/solver/physics_informed_solver/pinn_interface.py: UserWarning: Compilation is disabled for torch >= 2.8. Forcing compilation may cause runtime errors or instability.
в”Ҹв”Ғв”Ғв”Ғв”ів”Ғв”Ғв”Ғв”Ғв”Ғв”Ғв”Ғв”Ғв”Ғв”Ғв”Ғв”Ғв”Ғв”Ғв”ів”Ғв”Ғв”Ғв”Ғв”Ғв”Ғв”Ғв”Ғв”Ғв”Ғв”Ғв”Ғв”ів”Ғв”Ғв”Ғв”Ғв”Ғв”Ғв”Ғв”Ғв”ів”Ғв”Ғв”Ғв”Ғв”Ғв”Ғв”Ғв”ів”Ғв”Ғв”Ғв”Ғв”Ғв”Ғв”Ғв”“
в”ғ   в”ғ Name         в”ғ Type       в”ғ Params в”ғ Mode  в”ғ FLOPs в”ғ
в”Ўв”Ғв”Ғв”Ғв•Үв”Ғв”Ғв”Ғв”Ғв”Ғв”Ғв”Ғв”Ғв”Ғв”Ғв”Ғв”Ғв”Ғв”Ғв•Үв”Ғв”Ғв”Ғв”Ғв”Ғв”Ғв”Ғв”Ғв”Ғв”Ғв”Ғв”Ғв•Үв”Ғв”Ғв”Ғв”Ғв”Ғв”Ғв”Ғв”Ғв•Үв”Ғв”Ғв”Ғв”Ғв”Ғв”Ғв”Ғв•Үв”Ғв”Ғв”Ғв”Ғв”Ғв”Ғв”Ғв”©
в”Ӯ 0 в”Ӯ _pina_models в”Ӯ ModuleList в”Ӯ 25.7 K в”Ӯ train в”Ӯ     0 в”Ӯ
в”Ӯ 1 в”Ӯ _loss_fn     в”Ӯ MSELoss    в”Ӯ      0 в”Ӯ train в”Ӯ     0 в”Ӯ
в””в”Җв”Җв”Җв”ҙв”Җв”Җв”Җв”Җв”Җв”Җв”Җв”Җв”Җв”Җв”Җв”Җв”Җв”Җв”ҙв”Җв”Җв”Җв”Җв”Җв”Җв”Җв”Җв”Җв”Җв”Җв”Җв”ҙв”Җв”Җв”Җв”Җв”Җв”Җв”Җв”Җв”ҙв”Җв”Җв”Җв”Җв”Җв”Җв”Җв”ҙв”Җв”Җв”Җв”Җв”Җв”Җв”Җв”ҳ
Trainable params: 25.7 K                                                        
Non-trainable params: 0                                                         
Total params: 25.7 K                                                            
Total estimated model params size (MB): 0                                       
Modules in train mode: 21                                                       
Modules in eval mode: 0                                                         
Total FLOPs: 0                                                                  
/Users/mary/Library/Python/3.9/lib/python/site-packages/lightning/pytorch/loops/fit_loop.py: PossibleUserWarning: The number of training batches (4) is smaller than the logging interval Trainer(log_every_n_steps=50). Set a lower value for log_every_n_steps if you want to see logs for the training epoch.
`Trainer.fit` stopped: `max_epochs=50` reached.
Epoch 49/49 в”Ғв”Ғв”Ғв”Ғв”Ғв”Ғв”Ғв”Ғв”Ғв”Ғв”Ғв”Ғв”Ғв”Ғв”Ғв”Ғв”Ғв”Ғ 4/4 0:06:45 вҖў 0:00:00 0.00it/s v_num: 507.000    
                                                              physics_0_loss_stвҖҰ
                                                              3.626             
                                                              train_loss_step:  
                                                              3.626             
                                                              physics_0_loss_epвҖҰ
                                                              3.570             
                                                              train_loss_epoch: 
                                                              3.570             
{
  "run_id": "7e2696aa8eb24222a48e12fd1edba6e2",
  "elapsed_sec": 25896.310386896133,
  "final_params": {
    "E_unit": 0.9201104640960693
  },
  "truth": {
    "E_unit": 1.0
  },
  "rel_err": {
    "E_unit": 0.07988953590393066
  }
}
controller converged: False
Summary written to: /Users/mary/pinn_service/logs/7e2696aa8eb24222a48e12fd1edba6e2_adaptive_summary.json
